{"C:\\Users\\massa\\justify\\justify-test\\backend\\index.ts": {"path":"C:\\Users\\massa\\justify\\justify-test\\backend\\index.ts","statementMap":{"0":{"start":{"line":1,"column":0},"end":{"line":1,"column":42}},"1":{"start":{"line":2,"column":0},"end":{"line":2,"column":24}},"2":{"start":{"line":3,"column":0},"end":{"line":3,"column":61}},"3":{"start":{"line":4,"column":12},"end":{"line":4,"column":21}},"4":{"start":{"line":6,"column":0},"end":{"line":6,"column":16}},"5":{"start":{"line":8,"column":0},"end":{"line":8,"column":24}},"6":{"start":{"line":9,"column":0},"end":{"line":9,"column":60}},"7":{"start":{"line":11,"column":18},"end":{"line":11,"column":26}},"8":{"start":{"line":13,"column":0},"end":{"line":13,"column":26}},"9":{"start":{"line":14,"column":0},"end":{"line":14,"column":19}},"10":{"start":{"line":16,"column":13},"end":{"line":16,"column":37}},"11":{"start":{"line":17,"column":0},"end":{"line":19,"column":3}},"12":{"start":{"line":18,"column":2},"end":{"line":18,"column":60}},"13":{"start":{"line":21,"column":0},"end":{"line":21,"column":19}}},"fnMap":{"0":{"name":"(anonymous_10)","decl":{"start":{"line":17,"column":17},"end":{"line":17,"column":20}},"loc":{"start":{"line":17,"column":22},"end":{"line":19,"column":1}}}},"branchMap":{"0":{"loc":{"start":{"line":16,"column":13},"end":{"line":16,"column":37}},"type":"binary-expr","locations":[{"start":{"line":16,"column":13},"end":{"line":16,"column":29}},{"start":{"line":16,"column":33},"end":{"line":16,"column":37}}]}},"s":{"0":1,"1":1,"2":1,"3":1,"4":1,"5":1,"6":1,"7":1,"8":1,"9":1,"10":1,"11":1,"12":1,"13":1},"f":{"0":1},"b":{"0":[1,1]}}
,"C:\\Users\\massa\\justify\\justify-test\\backend\\src\\features\\text\\index.ts": {"path":"C:\\Users\\massa\\justify\\justify-test\\backend\\src\\features\\text\\index.ts","statementMap":{"0":{"start":{"line":1,"column":0},"end":{"line":1,"column":32}},"1":{"start":{"line":2,"column":0},"end":{"line":2,"column":28}},"2":{"start":{"line":3,"column":0},"end":{"line":3,"column":27}},"3":{"start":{"line":4,"column":0},"end":{"line":4,"column":27}}},"fnMap":{},"branchMap":{},"s":{"0":1,"1":1,"2":1,"3":1},"f":{},"b":{}}
,"C:\\Users\\massa\\justify\\justify-test\\backend\\src\\features\\text\\textController.ts": {"path":"C:\\Users\\massa\\justify\\justify-test\\backend\\src\\features\\text\\textController.ts","statementMap":{"0":{"start":{"line":3,"column":0},"end":{"line":3,"column":40}},"1":{"start":{"line":4,"column":0},"end":{"line":4,"column":41}},"2":{"start":{"line":5,"column":0},"end":{"line":5,"column":20}},"3":{"start":{"line":9,"column":8},"end":{"line":42,"column":9}},"4":{"start":{"line":10,"column":35},"end":{"line":10,"column":43}},"5":{"start":{"line":11,"column":30},"end":{"line":11,"column":46}},"6":{"start":{"line":12,"column":31},"end":{"line":12,"column":52}},"7":{"start":{"line":14,"column":12},"end":{"line":17,"column":13}},"8":{"start":{"line":15,"column":16},"end":{"line":15,"column":59}},"9":{"start":{"line":16,"column":16},"end":{"line":16,"column":23}},"10":{"start":{"line":19,"column":30},"end":{"line":19,"column":60}},"11":{"start":{"line":20,"column":32},"end":{"line":20,"column":37}},"12":{"start":{"line":22,"column":12},"end":{"line":25,"column":13}},"13":{"start":{"line":23,"column":16},"end":{"line":23,"column":57}},"14":{"start":{"line":24,"column":16},"end":{"line":24,"column":23}},"15":{"start":{"line":27,"column":12},"end":{"line":27,"column":44}},"16":{"start":{"line":28,"column":12},"end":{"line":28,"column":55}},"17":{"start":{"line":29,"column":12},"end":{"line":29,"column":47}},"18":{"start":{"line":31,"column":40},"end":{"line":31,"column":71}},"19":{"start":{"line":32,"column":12},"end":{"line":32,"column":56}},"20":{"start":{"line":33,"column":12},"end":{"line":33,"column":36}},"21":{"start":{"line":35,"column":12},"end":{"line":41,"column":13}},"22":{"start":{"line":36,"column":16},"end":{"line":39,"column":19}},"23":{"start":{"line":40,"column":16},"end":{"line":40,"column":23}},"24":{"start":{"line":46,"column":13},"end":{"line":46,"column":51}}},"fnMap":{"0":{"name":"(anonymous_1)","decl":{"start":{"line":8,"column":11},"end":{"line":8,"column":18}},"loc":{"start":{"line":8,"column":48},"end":{"line":43,"column":5}}}},"branchMap":{"0":{"loc":{"start":{"line":14,"column":12},"end":{"line":17,"column":13}},"type":"if","locations":[{"start":{"line":14,"column":12},"end":{"line":17,"column":13}},{"start":{},"end":{}}]},"1":{"loc":{"start":{"line":14,"column":15},"end":{"line":14,"column":49}},"type":"binary-expr","locations":[{"start":{"line":14,"column":15},"end":{"line":14,"column":24}},{"start":{"line":14,"column":28},"end":{"line":14,"column":49}}]},"2":{"loc":{"start":{"line":22,"column":12},"end":{"line":25,"column":13}},"type":"if","locations":[{"start":{"line":22,"column":12},"end":{"line":25,"column":13}},{"start":{},"end":{}}]},"3":{"loc":{"start":{"line":35,"column":12},"end":{"line":41,"column":13}},"type":"if","locations":[{"start":{"line":35,"column":12},"end":{"line":41,"column":13}},{"start":{},"end":{}}]}},"s":{"0":1,"1":1,"2":1,"3":2,"4":2,"5":2,"6":2,"7":2,"8":0,"9":0,"10":2,"11":2,"12":2,"13":1,"14":1,"15":1,"16":1,"17":1,"18":1,"19":1,"20":1,"21":0,"22":0,"23":0,"24":1},"f":{"0":2},"b":{"0":[0,2],"1":[2,2],"2":[1,1],"3":[0,0]}}
,"C:\\Users\\massa\\justify\\justify-test\\backend\\src\\features\\text\\textRoutes.ts": {"path":"C:\\Users\\massa\\justify\\justify-test\\backend\\src\\features\\text\\textRoutes.ts","statementMap":{"0":{"start":{"line":1,"column":0},"end":{"line":1,"column":33}},"1":{"start":{"line":2,"column":0},"end":{"line":2,"column":50}},"2":{"start":{"line":3,"column":0},"end":{"line":3,"column":57}},"3":{"start":{"line":5,"column":19},"end":{"line":5,"column":27}},"4":{"start":{"line":9,"column":23},"end":{"line":9,"column":33}},"5":{"start":{"line":7,"column":0},"end":{"line":7,"column":68}}},"fnMap":{},"branchMap":{},"s":{"0":1,"1":1,"2":1,"3":1,"4":1,"5":1},"f":{},"b":{}}
,"C:\\Users\\massa\\justify\\justify-test\\backend\\src\\features\\text\\textTypes.ts": {"path":"C:\\Users\\massa\\justify\\justify-test\\backend\\src\\features\\text\\textTypes.ts","statementMap":{"0":{"start":{"line":1,"column":0},"end":{"line":1,"column":24}},"1":{"start":{"line":3,"column":13},"end":{"line":3,"column":71}}},"fnMap":{},"branchMap":{},"s":{"0":1,"1":1},"f":{},"b":{}}
,"C:\\Users\\massa\\justify\\justify-test\\backend\\src\\features\\text\\textUtils.ts": {"path":"C:\\Users\\massa\\justify\\justify-test\\backend\\src\\features\\text\\textUtils.ts","statementMap":{"0":{"start":{"line":5,"column":21},"end":{"line":5,"column":38}},"1":{"start":{"line":8,"column":34},"end":{"line":8,"column":58}},"2":{"start":{"line":9,"column":30},"end":{"line":9,"column":32}},"3":{"start":{"line":10,"column":34},"end":{"line":10,"column":36}},"4":{"start":{"line":11,"column":40},"end":{"line":11,"column":41}},"5":{"start":{"line":12,"column":8},"end":{"line":21,"column":9}},"6":{"start":{"line":13,"column":12},"end":{"line":20,"column":13}},"7":{"start":{"line":14,"column":16},"end":{"line":14,"column":39}},"8":{"start":{"line":15,"column":16},"end":{"line":15,"column":49}},"9":{"start":{"line":17,"column":16},"end":{"line":17,"column":58}},"10":{"start":{"line":18,"column":16},"end":{"line":18,"column":37}},"11":{"start":{"line":19,"column":16},"end":{"line":19,"column":48}},"12":{"start":{"line":23,"column":8},"end":{"line":25,"column":9}},"13":{"start":{"line":24,"column":12},"end":{"line":24,"column":46}},"14":{"start":{"line":27,"column":8},"end":{"line":27,"column":32}},"15":{"start":{"line":31,"column":38},"end":{"line":31,"column":59}},"16":{"start":{"line":32,"column":37},"end":{"line":32,"column":61}},"17":{"start":{"line":34,"column":8},"end":{"line":42,"column":9}},"18":{"start":{"line":41,"column":12},"end":{"line":41,"column":55}},"19":{"start":{"line":43,"column":29},"end":{"line":43,"column":45}},"20":{"start":{"line":44,"column":37},"end":{"line":44,"column":68}},"21":{"start":{"line":45,"column":34},"end":{"line":45,"column":53}},"22":{"start":{"line":47,"column":25},"end":{"line":47,"column":27}},"23":{"start":{"line":48,"column":8},"end":{"line":57,"column":9}},"24":{"start":{"line":48,"column":20},"end":{"line":48,"column":21}},"25":{"start":{"line":49,"column":12},"end":{"line":49,"column":29}},"26":{"start":{"line":50,"column":12},"end":{"line":56,"column":13}},"27":{"start":{"line":51,"column":16},"end":{"line":51,"column":49}},"28":{"start":{"line":52,"column":16},"end":{"line":55,"column":17}},"29":{"start":{"line":53,"column":20},"end":{"line":53,"column":32}},"30":{"start":{"line":54,"column":20},"end":{"line":54,"column":34}},"31":{"start":{"line":58,"column":8},"end":{"line":58,"column":20}},"32":{"start":{"line":62,"column":8},"end":{"line":62,"column":79}},"33":{"start":{"line":62,"column":55},"end":{"line":62,"column":70}},"34":{"start":{"line":66,"column":13},"end":{"line":66,"column":41}}},"fnMap":{"0":{"name":"(anonymous_0)","decl":{"start":{"line":3,"column":0},"end":{"line":3,"column":6}},"loc":{"start":{"line":3,"column":0},"end":{"line":64,"column":1}}},"1":{"name":"(anonymous_1)","decl":{"start":{"line":7,"column":11},"end":{"line":7,"column":22}},"loc":{"start":{"line":7,"column":33},"end":{"line":28,"column":5}}},"2":{"name":"(anonymous_2)","decl":{"start":{"line":30,"column":12},"end":{"line":30,"column":23}},"loc":{"start":{"line":30,"column":37},"end":{"line":59,"column":5}}},"3":{"name":"(anonymous_3)","decl":{"start":{"line":61,"column":11},"end":{"line":61,"column":21}},"loc":{"start":{"line":61,"column":34},"end":{"line":63,"column":5}}},"4":{"name":"(anonymous_4)","decl":{"start":{"line":62,"column":47},"end":{"line":62,"column":51}},"loc":{"start":{"line":62,"column":55},"end":{"line":62,"column":70}}}},"branchMap":{"0":{"loc":{"start":{"line":13,"column":12},"end":{"line":20,"column":13}},"type":"if","locations":[{"start":{"line":13,"column":12},"end":{"line":20,"column":13}},{"start":{"line":16,"column":19},"end":{"line":20,"column":13}}]},"1":{"loc":{"start":{"line":23,"column":8},"end":{"line":25,"column":9}},"type":"if","locations":[{"start":{"line":23,"column":8},"end":{"line":25,"column":9}},{"start":{},"end":{}}]},"2":{"loc":{"start":{"line":34,"column":8},"end":{"line":42,"column":9}},"type":"if","locations":[{"start":{"line":34,"column":8},"end":{"line":42,"column":9}},{"start":{},"end":{}}]},"3":{"loc":{"start":{"line":50,"column":12},"end":{"line":56,"column":13}},"type":"if","locations":[{"start":{"line":50,"column":12},"end":{"line":56,"column":13}},{"start":{},"end":{}}]},"4":{"loc":{"start":{"line":52,"column":16},"end":{"line":55,"column":17}},"type":"if","locations":[{"start":{"line":52,"column":16},"end":{"line":55,"column":17}},{"start":{},"end":{}}]}},"s":{"0":1,"1":2,"2":2,"3":2,"4":2,"5":2,"6":33,"7":32,"8":32,"9":1,"10":1,"11":1,"12":2,"13":2,"14":2,"15":2,"16":2,"17":2,"18":0,"19":2,"20":2,"21":2,"22":2,"23":2,"24":2,"25":15,"26":15,"27":13,"28":13,"29":7,"30":7,"31":2,"32":6,"33":80020,"34":1},"f":{"0":1,"1":2,"2":2,"3":6,"4":80020},"b":{"0":[32,1],"1":[2,0],"2":[0,2],"3":[13,2],"4":[7,6]}}
,"C:\\Users\\massa\\justify\\justify-test\\backend\\src\\features\\token\\index.ts": {"path":"C:\\Users\\massa\\justify\\justify-test\\backend\\src\\features\\token\\index.ts","statementMap":{"0":{"start":{"line":1,"column":0},"end":{"line":1,"column":29}},"1":{"start":{"line":2,"column":0},"end":{"line":2,"column":29}},"2":{"start":{"line":3,"column":0},"end":{"line":3,"column":34}},"3":{"start":{"line":4,"column":0},"end":{"line":4,"column":30}}},"fnMap":{},"branchMap":{},"s":{"0":1,"1":1,"2":1,"3":1},"f":{},"b":{}}
,"C:\\Users\\massa\\justify\\justify-test\\backend\\src\\features\\token\\tokenController.ts": {"path":"C:\\Users\\massa\\justify\\justify-test\\backend\\src\\features\\token\\tokenController.ts","statementMap":{"0":{"start":{"line":2,"column":0},"end":{"line":2,"column":64}},"1":{"start":{"line":3,"column":0},"end":{"line":3,"column":41}},"2":{"start":{"line":4,"column":0},"end":{"line":4,"column":42}},"3":{"start":{"line":5,"column":0},"end":{"line":5,"column":20}},"4":{"start":{"line":9,"column":8},"end":{"line":45,"column":9}},"5":{"start":{"line":10,"column":30},"end":{"line":10,"column":64}},"6":{"start":{"line":11,"column":25},"end":{"line":11,"column":50}},"7":{"start":{"line":14,"column":47},"end":{"line":14,"column":51}},"8":{"start":{"line":15,"column":12},"end":{"line":20,"column":13}},"9":{"start":{"line":16,"column":16},"end":{"line":19,"column":17}},"10":{"start":{"line":17,"column":20},"end":{"line":17,"column":42}},"11":{"start":{"line":18,"column":20},"end":{"line":18,"column":26}},"12":{"start":{"line":22,"column":12},"end":{"line":25,"column":13}},"13":{"start":{"line":23,"column":16},"end":{"line":23,"column":51}},"14":{"start":{"line":24,"column":16},"end":{"line":24,"column":23}},"15":{"start":{"line":27,"column":26},"end":{"line":27,"column":52}},"16":{"start":{"line":28,"column":29},"end":{"line":33,"column":14}},"17":{"start":{"line":34,"column":12},"end":{"line":34,"column":41}},"18":{"start":{"line":35,"column":12},"end":{"line":35,"column":42}},"19":{"start":{"line":36,"column":12},"end":{"line":36,"column":32}},"20":{"start":{"line":38,"column":12},"end":{"line":44,"column":13}},"21":{"start":{"line":39,"column":16},"end":{"line":42,"column":19}},"22":{"start":{"line":43,"column":16},"end":{"line":43,"column":23}},"23":{"start":{"line":49,"column":13},"end":{"line":49,"column":53}}},"fnMap":{"0":{"name":"(anonymous_1)","decl":{"start":{"line":8,"column":11},"end":{"line":8,"column":24}},"loc":{"start":{"line":8,"column":54},"end":{"line":46,"column":5}}}},"branchMap":{"0":{"loc":{"start":{"line":16,"column":16},"end":{"line":19,"column":17}},"type":"if","locations":[{"start":{"line":16,"column":16},"end":{"line":19,"column":17}},{"start":{},"end":{}}]},"1":{"loc":{"start":{"line":22,"column":12},"end":{"line":25,"column":13}},"type":"if","locations":[{"start":{"line":22,"column":12},"end":{"line":25,"column":13}},{"start":{},"end":{}}]},"2":{"loc":{"start":{"line":38,"column":12},"end":{"line":44,"column":13}},"type":"if","locations":[{"start":{"line":38,"column":12},"end":{"line":44,"column":13}},{"start":{},"end":{}}]}},"s":{"0":1,"1":1,"2":1,"3":1,"4":2,"5":2,"6":2,"7":2,"8":2,"9":2,"10":1,"11":1,"12":2,"13":1,"14":1,"15":1,"16":1,"17":1,"18":1,"19":1,"20":0,"21":0,"22":0,"23":1},"f":{"0":2},"b":{"0":[1,1],"1":[1,1],"2":[0,0]}}
,"C:\\Users\\massa\\justify\\justify-test\\backend\\src\\features\\token\\tokenRoutes.ts": {"path":"C:\\Users\\massa\\justify\\justify-test\\backend\\src\\features\\token\\tokenRoutes.ts","statementMap":{"0":{"start":{"line":1,"column":0},"end":{"line":1,"column":31}},"1":{"start":{"line":2,"column":0},"end":{"line":2,"column":52}},"2":{"start":{"line":4,"column":20},"end":{"line":4,"column":28}},"3":{"start":{"line":8,"column":24},"end":{"line":8,"column":35}},"4":{"start":{"line":6,"column":0},"end":{"line":6,"column":58}}},"fnMap":{},"branchMap":{},"s":{"0":1,"1":1,"2":1,"3":1,"4":1},"f":{},"b":{}}
,"C:\\Users\\massa\\justify\\justify-test\\backend\\src\\features\\token\\tokenTypes.ts": {"path":"C:\\Users\\massa\\justify\\justify-test\\backend\\src\\features\\token\\tokenTypes.ts","statementMap":{"0":{"start":{"line":1,"column":0},"end":{"line":1,"column":20}},"1":{"start":{"line":3,"column":13},"end":{"line":5,"column":3}}},"fnMap":{},"branchMap":{},"s":{"0":1,"1":1},"f":{},"b":{}}
,"C:\\Users\\massa\\justify\\justify-test\\backend\\src\\features\\token\\tokenUtils.ts": {"path":"C:\\Users\\massa\\justify\\justify-test\\backend\\src\\features\\token\\tokenUtils.ts","statementMap":{"0":{"start":{"line":1,"column":0},"end":{"line":1,"column":28}},"1":{"start":{"line":5,"column":8},"end":{"line":5,"column":54}},"2":{"start":{"line":9,"column":20},"end":{"line":9,"column":30}},"3":{"start":{"line":10,"column":8},"end":{"line":10,"column":47}},"4":{"start":{"line":14,"column":13},"end":{"line":14,"column":43}}},"fnMap":{"0":{"name":"(anonymous_1)","decl":{"start":{"line":4,"column":11},"end":{"line":4,"column":24}},"loc":{"start":{"line":4,"column":24},"end":{"line":6,"column":5}}},"1":{"name":"(anonymous_2)","decl":{"start":{"line":8,"column":11},"end":{"line":8,"column":23}},"loc":{"start":{"line":8,"column":23},"end":{"line":11,"column":5}}}},"branchMap":{},"s":{"0":1,"1":1,"2":3,"3":3,"4":1},"f":{"0":1,"1":3},"b":{}}
,"C:\\Users\\massa\\justify\\justify-test\\backend\\src\\features\\user\\index.ts": {"path":"C:\\Users\\massa\\justify\\justify-test\\backend\\src\\features\\user\\index.ts","statementMap":{"0":{"start":{"line":1,"column":0},"end":{"line":1,"column":29}},"1":{"start":{"line":2,"column":0},"end":{"line":2,"column":34}}},"fnMap":{},"branchMap":{},"s":{"0":1,"1":1},"f":{},"b":{}}
,"C:\\Users\\massa\\justify\\justify-test\\backend\\src\\features\\user\\userRepository.ts": {"path":"C:\\Users\\massa\\justify\\justify-test\\backend\\src\\features\\user\\userRepository.ts","statementMap":{"0":{"start":{"line":1,"column":0},"end":{"line":1,"column":29}},"1":{"start":{"line":2,"column":0},"end":{"line":2,"column":63}},"2":{"start":{"line":3,"column":0},"end":{"line":3,"column":20}},"3":{"start":{"line":6,"column":12},"end":{"line":6,"column":58}},"4":{"start":{"line":9,"column":8},"end":{"line":17,"column":9}},"5":{"start":{"line":10,"column":12},"end":{"line":14,"column":13}},"6":{"start":{"line":11,"column":36},"end":{"line":11,"column":76}},"7":{"start":{"line":12,"column":32},"end":{"line":12,"column":55}},"8":{"start":{"line":13,"column":16},"end":{"line":13,"column":54}},"9":{"start":{"line":16,"column":12},"end":{"line":16,"column":75}},"10":{"start":{"line":18,"column":8},"end":{"line":18,"column":29}},"11":{"start":{"line":22,"column":8},"end":{"line":27,"column":9}},"12":{"start":{"line":23,"column":34},"end":{"line":23,"column":61}},"13":{"start":{"line":24,"column":12},"end":{"line":24,"column":94}},"14":{"start":{"line":26,"column":12},"end":{"line":26,"column":78}},"15":{"start":{"line":31,"column":13},"end":{"line":31,"column":51}}},"fnMap":{"0":{"name":"(anonymous_1)","decl":{"start":{"line":5,"column":0},"end":{"line":5,"column":6}},"loc":{"start":{"line":5,"column":0},"end":{"line":29,"column":1}}},"1":{"name":"(anonymous_2)","decl":{"start":{"line":8,"column":11},"end":{"line":8,"column":19}},"loc":{"start":{"line":8,"column":19},"end":{"line":19,"column":5}}},"2":{"name":"(anonymous_3)","decl":{"start":{"line":21,"column":11},"end":{"line":21,"column":19}},"loc":{"start":{"line":21,"column":35},"end":{"line":28,"column":5}}}},"branchMap":{"0":{"loc":{"start":{"line":10,"column":12},"end":{"line":14,"column":13}},"type":"if","locations":[{"start":{"line":10,"column":12},"end":{"line":14,"column":13}},{"start":{},"end":{}}]}},"s":{"0":1,"1":1,"2":1,"3":1,"4":5,"5":5,"6":5,"7":5,"8":5,"9":0,"10":0,"11":2,"12":2,"13":2,"14":0,"15":1},"f":{"0":1,"1":5,"2":2},"b":{"0":[5,0]}}
,"C:\\Users\\massa\\justify\\justify-test\\backend\\src\\features\\user\\userTypes.ts": {"path":"C:\\Users\\massa\\justify\\justify-test\\backend\\src\\features\\user\\userTypes.ts","statementMap":{"0":{"start":{"line":1,"column":0},"end":{"line":1,"column":20}},"1":{"start":{"line":3,"column":13},"end":{"line":8,"column":3}},"2":{"start":{"line":10,"column":13},"end":{"line":12,"column":3}}},"fnMap":{},"branchMap":{},"s":{"0":1,"1":1,"2":1},"f":{},"b":{}}
,"C:\\Users\\massa\\justify\\justify-test\\backend\\src\\middlewares\\token.ts": {"path":"C:\\Users\\massa\\justify\\justify-test\\backend\\src\\middlewares\\token.ts","statementMap":{"0":{"start":{"line":5,"column":0},"end":{"line":5,"column":16}},"1":{"start":{"line":1,"column":0},"end":{"line":1,"column":47}},"2":{"start":{"line":2,"column":0},"end":{"line":2,"column":50}},"3":{"start":{"line":6,"column":23},"end":{"line":6,"column":48}},"4":{"start":{"line":7,"column":4},"end":{"line":10,"column":5}},"5":{"start":{"line":8,"column":8},"end":{"line":8,"column":59}},"6":{"start":{"line":9,"column":8},"end":{"line":9,"column":15}},"7":{"start":{"line":11,"column":18},"end":{"line":11,"column":41}},"8":{"start":{"line":12,"column":17},"end":{"line":12,"column":42}},"9":{"start":{"line":13,"column":21},"end":{"line":13,"column":38}},"10":{"start":{"line":15,"column":4},"end":{"line":18,"column":5}},"11":{"start":{"line":16,"column":8},"end":{"line":16,"column":47}},"12":{"start":{"line":17,"column":8},"end":{"line":17,"column":15}},"13":{"start":{"line":20,"column":18},"end":{"line":20,"column":43}},"14":{"start":{"line":21,"column":4},"end":{"line":25,"column":5}},"15":{"start":{"line":22,"column":8},"end":{"line":22,"column":31}},"16":{"start":{"line":23,"column":8},"end":{"line":23,"column":39}},"17":{"start":{"line":24,"column":8},"end":{"line":24,"column":38}},"18":{"start":{"line":27,"column":5},"end":{"line":27,"column":33}},"19":{"start":{"line":28,"column":5},"end":{"line":28,"column":34}},"20":{"start":{"line":29,"column":4},"end":{"line":29,"column":11}}},"fnMap":{"0":{"name":"authMiddleware","decl":{"start":{"line":5,"column":16},"end":{"line":5,"column":30}},"loc":{"start":{"line":5,"column":78},"end":{"line":30,"column":1}}}},"branchMap":{"0":{"loc":{"start":{"line":7,"column":4},"end":{"line":10,"column":5}},"type":"if","locations":[{"start":{"line":7,"column":4},"end":{"line":10,"column":5}},{"start":{},"end":{}}]},"1":{"loc":{"start":{"line":7,"column":8},"end":{"line":7,"column":56}},"type":"binary-expr","locations":[{"start":{"line":7,"column":8},"end":{"line":7,"column":19}},{"start":{"line":7,"column":23},"end":{"line":7,"column":56}}]},"2":{"loc":{"start":{"line":15,"column":4},"end":{"line":18,"column":5}},"type":"if","locations":[{"start":{"line":15,"column":4},"end":{"line":18,"column":5}},{"start":{},"end":{}}]},"3":{"loc":{"start":{"line":21,"column":4},"end":{"line":25,"column":5}},"type":"if","locations":[{"start":{"line":21,"column":4},"end":{"line":25,"column":5}},{"start":{},"end":{}}]}},"s":{"0":1,"1":1,"2":1,"3":4,"4":4,"5":1,"6":1,"7":3,"8":3,"9":3,"10":3,"11":1,"12":1,"13":2,"14":2,"15":0,"16":0,"17":0,"18":2,"19":2,"20":2},"f":{"0":4},"b":{"0":[1,3],"1":[4,3],"2":[1,2],"3":[0,2]}}
,"C:\\Users\\massa\\justify\\justify-test\\backend\\src\\routes\\registerRoutes.ts": {"path":"C:\\Users\\massa\\justify\\justify-test\\backend\\src\\routes\\registerRoutes.ts","statementMap":{"0":{"start":{"line":6,"column":0},"end":{"line":6,"column":16}},"1":{"start":{"line":3,"column":0},"end":{"line":3,"column":46}},"2":{"start":{"line":4,"column":0},"end":{"line":4,"column":48}},"3":{"start":{"line":7,"column":4},"end":{"line":7,"column":32}},"4":{"start":{"line":8,"column":4},"end":{"line":8,"column":33}}},"fnMap":{"0":{"name":"registerRoutes","decl":{"start":{"line":6,"column":16},"end":{"line":6,"column":30}},"loc":{"start":{"line":6,"column":42},"end":{"line":9,"column":1}}}},"branchMap":{},"s":{"0":1,"1":1,"2":1,"3":1,"4":1},"f":{"0":1},"b":{}}
}
