TN:
SF:index.ts
FN:17,(anonymous_10)
FNF:1
FNH:1
FNDA:1,(anonymous_10)
DA:1,1
DA:2,1
DA:3,1
DA:4,1
DA:6,1
DA:8,1
DA:9,1
DA:11,1
DA:13,1
DA:14,1
DA:16,1
DA:17,1
DA:18,1
DA:21,1
LF:14
LH:14
BRDA:16,0,0,1
BRDA:16,0,1,1
BRF:2
BRH:2
end_of_record
TN:
SF:src\features\text\index.ts
FNF:0
FNH:0
DA:1,1
DA:2,1
DA:3,1
DA:4,1
LF:4
LH:4
BRF:0
BRH:0
end_of_record
TN:
SF:src\features\text\textController.ts
FN:8,(anonymous_1)
FNF:1
FNH:1
FNDA:2,(anonymous_1)
DA:3,1
DA:4,1
DA:5,1
DA:9,2
DA:10,2
DA:11,2
DA:12,2
DA:14,2
DA:15,0
DA:16,0
DA:19,2
DA:20,2
DA:22,2
DA:23,1
DA:24,1
DA:27,1
DA:28,1
DA:29,1
DA:31,1
DA:32,1
DA:33,1
DA:35,0
DA:36,0
DA:40,0
DA:46,1
LF:25
LH:20
BRDA:14,0,0,0
BRDA:14,0,1,2
BRDA:14,1,0,2
BRDA:14,1,1,2
BRDA:22,2,0,1
BRDA:22,2,1,1
BRDA:35,3,0,0
BRDA:35,3,1,0
BRF:8
BRH:5
end_of_record
TN:
SF:src\features\text\textRoutes.ts
FNF:0
FNH:0
DA:1,1
DA:2,1
DA:3,1
DA:5,1
DA:7,1
DA:9,1
LF:6
LH:6
BRF:0
BRH:0
end_of_record
TN:
SF:src\features\text\textTypes.ts
FNF:0
FNH:0
DA:1,1
DA:3,1
LF:2
LH:2
BRF:0
BRH:0
end_of_record
TN:
SF:src\features\text\textUtils.ts
FN:3,(anonymous_0)
FN:7,(anonymous_1)
FN:30,(anonymous_2)
FN:61,(anonymous_3)
FN:62,(anonymous_4)
FNF:5
FNH:5
FNDA:1,(anonymous_0)
FNDA:2,(anonymous_1)
FNDA:2,(anonymous_2)
FNDA:6,(anonymous_3)
FNDA:80020,(anonymous_4)
DA:5,1
DA:8,2
DA:9,2
DA:10,2
DA:11,2
DA:12,2
DA:13,33
DA:14,32
DA:15,32
DA:17,1
DA:18,1
DA:19,1
DA:23,2
DA:24,2
DA:27,2
DA:31,2
DA:32,2
DA:34,2
DA:41,0
DA:43,2
DA:44,2
DA:45,2
DA:47,2
DA:48,2
DA:49,15
DA:50,15
DA:51,13
DA:52,13
DA:53,7
DA:54,7
DA:58,2
DA:62,80020
DA:66,1
LF:33
LH:32
BRDA:13,0,0,32
BRDA:13,0,1,1
BRDA:23,1,0,2
BRDA:23,1,1,0
BRDA:34,2,0,0
BRDA:34,2,1,2
BRDA:50,3,0,13
BRDA:50,3,1,2
BRDA:52,4,0,7
BRDA:52,4,1,6
BRF:10
BRH:8
end_of_record
TN:
SF:src\features\token\index.ts
FNF:0
FNH:0
DA:1,1
DA:2,1
DA:3,1
DA:4,1
LF:4
LH:4
BRF:0
BRH:0
end_of_record
TN:
SF:src\features\token\tokenController.ts
FN:8,(anonymous_1)
FNF:1
FNH:1
FNDA:2,(anonymous_1)
DA:2,1
DA:3,1
DA:4,1
DA:5,1
DA:9,2
DA:10,2
DA:11,2
DA:14,2
DA:15,2
DA:16,2
DA:17,1
DA:18,1
DA:22,2
DA:23,1
DA:24,1
DA:27,1
DA:28,1
DA:34,1
DA:35,1
DA:36,1
DA:38,0
DA:39,0
DA:43,0
DA:49,1
LF:24
LH:21
BRDA:16,0,0,1
BRDA:16,0,1,1
BRDA:22,1,0,1
BRDA:22,1,1,1
BRDA:38,2,0,0
BRDA:38,2,1,0
BRF:6
BRH:4
end_of_record
TN:
SF:src\features\token\tokenRoutes.ts
FNF:0
FNH:0
DA:1,1
DA:2,1
DA:4,1
DA:6,1
DA:8,1
LF:5
LH:5
BRF:0
BRH:0
end_of_record
TN:
SF:src\features\token\tokenTypes.ts
FNF:0
FNH:0
DA:1,1
DA:3,1
LF:2
LH:2
BRF:0
BRH:0
end_of_record
TN:
SF:src\features\token\tokenUtils.ts
FN:4,(anonymous_1)
FN:8,(anonymous_2)
FNF:2
FNH:2
FNDA:1,(anonymous_1)
FNDA:3,(anonymous_2)
DA:1,1
DA:5,1
DA:9,3
DA:10,3
DA:14,1
LF:5
LH:5
BRF:0
BRH:0
end_of_record
TN:
SF:src\features\user\index.ts
FNF:0
FNH:0
DA:1,1
DA:2,1
LF:2
LH:2
BRF:0
BRH:0
end_of_record
TN:
SF:src\features\user\userRepository.ts
FN:5,(anonymous_1)
FN:8,(anonymous_2)
FN:21,(anonymous_3)
FNF:3
FNH:3
FNDA:1,(anonymous_1)
FNDA:5,(anonymous_2)
FNDA:2,(anonymous_3)
DA:1,1
DA:2,1
DA:3,1
DA:6,1
DA:9,5
DA:10,5
DA:11,5
DA:12,5
DA:13,5
DA:16,0
DA:18,0
DA:22,2
DA:23,2
DA:24,2
DA:26,0
DA:31,1
LF:16
LH:13
BRDA:10,0,0,5
BRDA:10,0,1,0
BRF:2
BRH:1
end_of_record
TN:
SF:src\features\user\userTypes.ts
FNF:0
FNH:0
DA:1,1
DA:3,1
DA:10,1
LF:3
LH:3
BRF:0
BRH:0
end_of_record
TN:
SF:src\middlewares\token.ts
FN:5,authMiddleware
FNF:1
FNH:1
FNDA:4,authMiddleware
DA:1,1
DA:2,1
DA:5,1
DA:6,4
DA:7,4
DA:8,1
DA:9,1
DA:11,3
DA:12,3
DA:13,3
DA:15,3
DA:16,1
DA:17,1
DA:20,2
DA:21,2
DA:22,0
DA:23,0
DA:24,0
DA:27,2
DA:28,2
DA:29,2
LF:21
LH:18
BRDA:7,0,0,1
BRDA:7,0,1,3
BRDA:7,1,0,4
BRDA:7,1,1,3
BRDA:15,2,0,1
BRDA:15,2,1,2
BRDA:21,3,0,0
BRDA:21,3,1,2
BRF:8
BRH:7
end_of_record
TN:
SF:src\routes\registerRoutes.ts
FN:6,registerRoutes
FNF:1
FNH:1
FNDA:1,registerRoutes
DA:3,1
DA:4,1
DA:6,1
DA:7,1
DA:8,1
LF:5
LH:5
BRF:0
BRH:0
end_of_record
